<?xml version="1.0" encoding="UTF-8"?>
<!-- Generated by org.testng.reporters.JUnitReportReporter -->
<testsuite hostname="DESKTOP-P7I7EVM" failures="0" tests="1" name="Assignment.Task" time="26.352" errors="0" timestamp="2023-12-03T23:12:34 IST" skipped="0">
  <testcase classname="Assignment.Task" name="SearchForAccomodation" time="26.352"/>
  <system-out/>
</testsuite> <!-- Assignment.Task -->
