<?xml version="1.0" encoding="UTF-8"?>
<!-- Generated by org.testng.reporters.JUnitReportReporter -->
<testsuite hostname="DESKTOP-P7I7EVM" failures="0" tests="1" name="Assignment.TaskBonusOne" time="72.035" errors="0" timestamp="2023-12-06T20:13:48 IST" skipped="0">
  <testcase classname="Assignment.TaskBonusOne" name="SearchForAccomodation" time="72.035"/>
  <system-out/>
</testsuite> <!-- Assignment.TaskBonusOne -->
