<?xml version="1.0" encoding="UTF-8"?>
<!-- Generated by org.testng.reporters.JUnitReportReporter -->
<testsuite hostname="DESKTOP-P7I7EVM" failures="0" tests="1" name="Assignment.TaskBonus1" time="17.692" errors="0" timestamp="2023-12-14T19:02:09 IST" skipped="0">
  <testcase classname="Assignment.TaskBonus1" name="SearchForAccomodation" time="17.692"/>
  <system-out/>
</testsuite> <!-- Assignment.TaskBonus1 -->
